{"/Users/wangyuxin/Desktop/react学习过程/jest-test/math.js": {"path":"/Users/wangyuxin/Desktop/react学习过程/jest-test/math.js","statementMap":{"0":{"start":{"line":6,"column":2},"end":{"line":6,"column":14}}},"fnMap":{"0":{"name":"add","decl":{"start":{"line":5,"column":16},"end":{"line":5,"column":19}},"loc":{"start":{"line":5,"column":26},"end":{"line":7,"column":1}},"line":5}},"branchMap":{},"s":{"0":1},"f":{"0":1},"b":{},"_coverageSchema":"43e27e138ebf9cfc5966b082cf9a028302ed4184","hash":"4c25555aeb748ace922a96d0c2b02ef3f7904bd2"}
}
